TN:
SF:app.js
FNF:0
FNH:0
DA:1,1
DA:2,1
DA:3,1
DA:4,1
DA:5,1
DA:6,1
DA:7,1
DA:8,1
DA:9,1
DA:10,1
DA:11,1
DA:12,1
DA:13,1
DA:14,1
DA:15,1
DA:16,1
DA:17,1
DA:18,1
DA:19,1
DA:20,1
DA:21,1
DA:22,1
DA:23,1
DA:24,1
DA:25,1
DA:26,1
DA:27,1
DA:28,1
DA:29,1
DA:30,1
DA:31,1
DA:32,1
DA:33,1
LF:33
LH:33
BRDA:27,0,0,1
BRF:1
BRH:1
end_of_record
TN:
SF:__tests__/db-handler.js
FN:2,i
FN:2,d
FN:2,d
FN:2,Generator
FN:2,GeneratorFunction
FN:2,GeneratorFunctionPrototype
FN:2,f
FN:2,_regenerator
FN:2,_regeneratorDefine2
FN:2,_regeneratorDefine
FN:2,o
FN:2,asyncGeneratorStep
FN:2,_asyncToGenerator
FN:2,_next
FN:2,_throw
FN:6,_callee
FN:16,_callee2
FNF:17
FNH:12
FNDA:4,i
FNDA:0,d
FNDA:8,d
FNDA:0,Generator
FNDA:0,GeneratorFunction
FNDA:0,GeneratorFunctionPrototype
FNDA:4,f
FNDA:8,_regenerator
FNDA:2,_regeneratorDefine2
FNDA:24,_regeneratorDefine
FNDA:6,o
FNDA:14,asyncGeneratorStep
FNDA:4,_asyncToGenerator
FNDA:14,_next
FNDA:0,_throw
FNDA:2,_callee
FNDA:2,_callee2
DA:1,1
DA:2,0
DA:3,1
DA:4,1
DA:5,1
DA:6,1
DA:7,2
DA:8,2
DA:9,2
DA:10,2
DA:11,2
DA:12,2
DA:13,2
DA:14,1
DA:15,1
DA:16,1
DA:17,2
DA:18,2
DA:19,2
DA:20,1
LF:20
LH:19
BRDA:2,0,0,0
BRDA:2,1,0,0
BRDA:2,2,0,0
BRDA:2,3,0,0
BRDA:2,4,0,4
BRDA:2,5,0,0
BRDA:2,6,0,4
BRDA:2,7,0,8
BRDA:2,8,0,0
BRDA:2,9,0,0
BRDA:2,10,0,14
BRDA:2,11,0,0
BRDA:2,12,0,0
BRDA:2,13,0,0
BRDA:2,14,0,4
BRDA:2,15,0,18
BRDA:2,16,0,18
BRDA:2,17,0,4
BRDA:2,18,0,0
BRDA:2,19,0,14
BRDA:2,20,0,0
BRDA:2,21,0,4
BRDA:2,22,0,14
BRDA:2,23,0,14
BRDA:2,24,0,0
BRDA:2,25,0,4
BRDA:2,26,0,4
BRDA:2,27,0,0
BRDA:2,28,0,8
BRDA:2,29,0,2
BRDA:2,30,0,0
BRDA:2,31,0,24
BRDA:2,32,0,22
BRDA:2,33,0,0
BRDA:2,34,0,2
BRDA:2,35,0,6
BRDA:2,36,0,14
BRDA:2,37,0,14
BRDA:2,38,0,0
BRDA:2,39,0,4
BRDA:2,40,0,10
BRDA:2,41,0,4
BRDA:2,42,0,4
BRDA:2,43,0,4
BRDA:2,44,0,14
BRDA:6,45,0,2
BRDA:6,46,0,2
BRDA:6,47,0,6
BRDA:6,48,0,2
BRDA:7,49,0,2
BRDA:13,50,0,2
BRDA:16,51,0,2
BRDA:16,52,0,2
BRDA:16,53,0,8
BRDA:16,54,0,2
BRDA:17,55,0,2
BRDA:18,56,0,2
BRDA:19,57,0,2
BRF:58
BRH:41
end_of_record
TN:
SF:controllers/authController.js
FN:2,_regeneratorDefine2
FN:2,_regeneratorDefine
FN:2,o
FN:2,asyncGeneratorStep
FN:2,_asyncToGenerator
FN:2,_next
FN:2,_throw
FN:7,_callee
FN:40,_callee2
FN:81,_callee3
FN:90,_callee4
FN:103,_callee5
FNF:12
FNH:9
FNDA:3,_regeneratorDefine2
FNDA:44,_regeneratorDefine
FNDA:9,o
FNDA:38,asyncGeneratorStep
FNDA:15,_asyncToGenerator
FNDA:36,_next
FNDA:2,_throw
FNDA:7,_callee
FNDA:7,_callee2
FNDA:0,_callee3
FNDA:0,_callee4
FNDA:0,_callee5
DA:1,1
DA:2,2
DA:3,1
DA:4,1
DA:5,1
DA:6,1
DA:7,1
DA:8,7
DA:9,7
DA:10,7
DA:11,7
DA:12,2
DA:13,2
DA:14,2
DA:15,5
DA:16,5
DA:17,5
DA:18,5
DA:19,5
DA:20,5
DA:21,5
DA:22,5
DA:23,5
DA:24,3
DA:25,3
DA:26,3
DA:27,3
DA:28,3
DA:29,3
DA:30,2
DA:31,2
DA:32,2
DA:33,2
DA:34,2
DA:35,2
DA:36,1
DA:37,1
DA:38,1
DA:39,1
DA:40,1
DA:41,7
DA:42,7
DA:43,7
DA:44,7
DA:45,7
DA:46,2
DA:47,2
DA:48,2
DA:49,5
DA:50,5
DA:51,5
DA:52,5
DA:53,5
DA:54,5
DA:55,1
DA:56,1
DA:57,1
DA:58,4
DA:59,4
DA:60,4
DA:61,4
DA:62,4
DA:63,4
DA:64,2
DA:65,2
DA:66,2
DA:67,2
DA:68,2
DA:69,2
DA:70,2
DA:71,2
DA:72,2
DA:73,2
DA:74,0
DA:75,0
DA:76,0
DA:77,0
DA:78,1
DA:79,1
DA:80,1
DA:81,1
DA:82,0
DA:83,0
DA:84,0
DA:85,0
DA:86,0
DA:87,0
DA:88,1
DA:89,1
DA:90,1
DA:91,0
DA:92,0
DA:93,0
DA:94,0
DA:95,0
DA:96,0
DA:97,0
DA:98,0
DA:99,0
DA:100,0
DA:101,1
DA:102,1
DA:103,1
DA:104,0
DA:105,0
DA:106,0
DA:107,1
LF:107
LH:84
BRDA:2,0,0,3
BRDA:2,1,0,0
BRDA:2,2,0,44
BRDA:2,3,0,41
BRDA:2,4,0,0
BRDA:2,5,0,3
BRDA:2,6,0,9
BRDA:2,7,0,38
BRDA:2,8,0,38
BRDA:2,9,0,0
BRDA:2,10,0,14
BRDA:2,11,0,24
BRDA:2,12,0,15
BRDA:2,13,0,14
BRDA:2,14,0,14
BRDA:2,15,0,36
BRDA:2,16,0,2
BRDA:7,17,0,3
BRDA:7,18,0,7
BRDA:7,19,0,20
BRDA:7,20,0,28
BRDA:7,21,0,7
BRDA:11,22,0,6
BRDA:11,23,0,6
BRDA:11,24,0,5
BRDA:11,25,0,2
BRDA:14,26,0,5
BRDA:17,27,0,5
BRDA:23,28,0,3
BRDA:25,29,0,0
BRDA:25,30,0,3
BRDA:30,31,0,2
BRDA:40,32,0,3
BRDA:40,33,0,7
BRDA:40,34,0,18
BRDA:40,35,0,31
BRDA:40,36,0,7
BRDA:45,37,0,6
BRDA:45,38,0,5
BRDA:45,39,0,2
BRDA:48,40,0,5
BRDA:52,41,0,5
BRDA:54,42,0,4
BRDA:54,43,0,1
BRDA:57,44,0,4
BRDA:61,45,0,4
BRDA:63,46,0,2
BRDA:66,47,0,2
BRDA:69,48,0,0
BRDA:69,49,0,2
BRDA:74,50,0,0
BRDA:81,51,0,3
BRDA:90,52,0,3
BRDA:103,53,0,3
BRF:54
BRH:48
end_of_record
TN:
SF:controllers/jobsController.js
FN:2,_regenerator
FN:4,_callee
FN:28,_callee2
FN:48,_callee3
FN:71,_callee4
FN:95,_callee5
FNF:6
FNH:6
FNDA:3,_regenerator
FNDA:2,_callee
FNDA:4,_callee2
FNDA:6,_callee3
FNDA:5,_callee4
FNDA:4,_callee5
DA:1,1
DA:2,3
DA:3,1
DA:4,1
DA:5,2
DA:6,2
DA:7,2
DA:8,2
DA:9,2
DA:10,0
DA:11,0
DA:12,0
DA:13,0
DA:14,0
DA:15,0
DA:16,2
DA:17,2
DA:18,2
DA:19,2
DA:20,2
DA:21,2
DA:22,2
DA:23,2
DA:24,2
DA:25,1
DA:26,1
DA:27,1
DA:28,1
DA:29,4
DA:30,4
DA:31,4
DA:32,4
DA:33,4
DA:34,2
DA:35,2
DA:36,2
DA:37,2
DA:38,2
DA:39,2
DA:40,2
DA:41,2
DA:42,2
DA:43,2
DA:44,1
DA:45,1
DA:46,1
DA:47,1
DA:48,1
DA:49,6
DA:50,6
DA:51,4
DA:52,4
DA:53,2
DA:54,2
DA:55,2
DA:56,2
DA:57,2
DA:58,2
DA:59,2
DA:60,2
DA:61,2
DA:62,2
DA:63,2
DA:64,2
DA:65,2
DA:66,2
DA:67,1
DA:68,1
DA:69,1
DA:70,1
DA:71,1
DA:72,5
DA:73,5
DA:74,5
DA:75,2
DA:76,2
DA:77,2
DA:78,3
DA:79,3
DA:80,3
DA:81,3
DA:82,1
DA:83,1
DA:84,1
DA:85,2
DA:86,2
DA:87,2
DA:88,2
DA:89,2
DA:90,2
DA:91,2
DA:92,1
DA:93,1
DA:94,1
DA:95,1
DA:96,4
DA:97,4
DA:98,4
DA:99,2
DA:100,2
DA:101,2
DA:102,2
DA:103,2
DA:104,2
DA:105,2
DA:106,2
DA:107,2
DA:108,2
DA:109,1
LF:109
LH:103
BRDA:2,0,0,3
BRDA:4,1,0,3
BRDA:4,2,0,2
BRDA:4,3,0,4
BRDA:4,4,0,2
BRDA:10,5,0,0
BRDA:20,6,0,2
BRDA:28,7,0,3
BRDA:28,8,0,4
BRDA:28,9,0,8
BRDA:28,10,0,10
BRDA:28,11,0,4
BRDA:33,12,0,2
BRDA:38,13,0,2
BRDA:48,14,0,3
BRDA:48,15,0,6
BRDA:48,16,0,12
BRDA:48,17,0,16
BRDA:48,18,0,6
BRDA:50,19,0,4
BRDA:52,20,0,2
BRDA:55,21,0,2
BRDA:61,22,0,2
BRDA:71,23,0,3
BRDA:71,24,0,5
BRDA:71,25,0,12
BRDA:71,26,0,17
BRDA:71,27,0,5
BRDA:72,28,0,5
BRDA:74,29,0,4
BRDA:74,30,0,3
BRDA:74,31,0,2
BRDA:77,32,0,3
BRDA:81,33,0,2
BRDA:81,34,0,1
BRDA:84,35,0,2
BRDA:87,36,0,2
BRDA:95,37,0,3
BRDA:95,38,0,4
BRDA:95,39,0,10
BRDA:95,40,0,12
BRDA:95,41,0,4
BRDA:96,42,0,4
BRDA:98,43,0,2
BRDA:101,44,0,2
BRDA:104,45,0,2
BRF:46
BRH:45
end_of_record
TN:
SF:middlewares/auth.js
FN:2,i
FN:2,d
FN:2,d
FN:2,Generator
FN:2,GeneratorFunction
FN:2,GeneratorFunctionPrototype
FN:2,f
FN:2,_regenerator
FN:2,_regeneratorDefine2
FN:2,_regeneratorDefine
FN:2,o
FN:2,asyncGeneratorStep
FN:2,_asyncToGenerator
FN:2,_next
FN:2,_throw
FN:5,_callee
FNF:16
FNH:11
FNDA:9,i
FNDA:0,d
FNDA:18,d
FNDA:0,Generator
FNDA:0,GeneratorFunction
FNDA:0,GeneratorFunctionPrototype
FNDA:3,f
FNDA:12,_regenerator
FNDA:3,_regeneratorDefine2
FNDA:39,_regeneratorDefine
FNDA:9,o
FNDA:16,asyncGeneratorStep
FNDA:3,_asyncToGenerator
FNDA:16,_next
FNDA:0,_throw
FNDA:9,_callee
DA:1,1
DA:2,0
DA:3,1
DA:4,1
DA:5,1
DA:6,9
DA:7,9
DA:8,1
DA:9,1
DA:10,1
DA:11,8
DA:12,8
DA:13,8
DA:14,8
DA:15,8
DA:16,1
DA:17,1
DA:18,1
DA:19,7
DA:20,7
DA:21,7
DA:22,7
DA:23,7
DA:24,7
DA:25,7
DA:26,0
DA:27,0
DA:28,0
DA:29,0
DA:30,0
DA:31,1
DA:32,1
LF:32
LH:26
BRDA:2,0,0,0
BRDA:2,1,0,0
BRDA:2,2,0,0
BRDA:2,3,0,0
BRDA:2,4,0,9
BRDA:2,5,0,0
BRDA:2,6,0,9
BRDA:2,7,0,0
BRDA:2,8,0,18
BRDA:2,9,0,36
BRDA:2,10,0,36
BRDA:2,11,0,36
BRDA:2,12,0,0
BRDA:2,13,0,0
BRDA:2,14,0,0
BRDA:2,15,0,0
BRDA:2,16,0,0
BRDA:2,17,0,0
BRDA:2,18,0,16
BRDA:2,19,0,0
BRDA:2,20,0,0
BRDA:2,21,0,0
BRDA:2,22,0,9
BRDA:2,23,0,23
BRDA:2,24,0,25
BRDA:2,25,0,9
BRDA:2,26,0,0
BRDA:2,27,0,16
BRDA:2,28,0,0
BRDA:2,29,0,9
BRDA:2,30,0,16
BRDA:2,31,0,16
BRDA:2,32,0,0
BRDA:2,33,0,9
BRDA:2,34,0,3
BRDA:2,35,0,0
BRDA:2,36,0,12
BRDA:2,37,0,3
BRDA:2,38,0,0
BRDA:2,39,0,39
BRDA:2,40,0,36
BRDA:2,41,0,0
BRDA:2,42,0,3
BRDA:2,43,0,9
BRDA:2,44,0,16
BRDA:2,45,0,16
BRDA:2,46,0,0
BRDA:2,47,0,9
BRDA:2,48,0,7
BRDA:2,49,0,3
BRDA:2,50,0,9
BRDA:2,51,0,9
BRDA:2,52,0,16
BRDA:5,53,0,3
BRDA:5,54,0,9
BRDA:5,55,0,16
BRDA:5,56,0,38
BRDA:5,57,0,9
BRDA:7,58,0,8
BRDA:7,59,0,8
BRDA:7,60,0,1
BRDA:10,61,0,8
BRDA:13,62,0,0
BRDA:15,63,0,7
BRDA:15,64,0,1
BRDA:18,65,0,7
BRDA:23,66,0,7
BRDA:26,67,0,0
BRDA:30,68,0,7
BRF:69
BRH:45
end_of_record
TN:
SF:models/jobs.js
FNF:0
FNH:0
DA:1,1
DA:2,1
DA:3,1
DA:4,1
DA:5,1
DA:6,1
DA:7,1
DA:8,1
DA:9,1
DA:10,1
DA:11,1
DA:12,1
DA:13,1
DA:14,1
DA:15,1
DA:16,1
DA:17,1
DA:18,1
DA:19,1
DA:20,1
DA:21,1
DA:22,1
DA:23,1
DA:24,1
DA:25,1
DA:26,1
DA:27,1
DA:28,1
DA:29,1
DA:30,1
DA:31,1
DA:32,1
DA:33,1
DA:34,1
DA:35,1
DA:36,1
DA:37,1
DA:38,1
DA:39,1
DA:40,1
DA:41,1
DA:42,1
DA:43,1
DA:44,1
DA:45,1
DA:46,1
DA:47,1
DA:48,1
DA:49,1
DA:50,1
DA:51,1
DA:52,1
DA:53,1
DA:54,1
DA:55,1
DA:56,1
DA:57,1
DA:58,1
DA:59,1
DA:60,1
LF:60
LH:60
BRF:0
BRH:0
end_of_record
TN:
SF:models/users.js
FNF:0
FNH:0
DA:1,1
DA:2,1
DA:3,1
DA:4,1
DA:5,1
DA:6,1
DA:7,1
DA:8,1
DA:9,1
DA:10,1
DA:11,1
DA:12,1
DA:13,1
DA:14,1
DA:15,1
DA:16,1
DA:17,1
DA:18,1
DA:19,1
DA:20,1
DA:21,1
DA:22,1
DA:23,1
DA:24,1
DA:25,1
LF:25
LH:25
BRF:0
BRH:0
end_of_record
TN:
SF:routes/auth.js
FNF:0
FNH:0
DA:1,1
DA:2,1
DA:3,1
DA:4,1
DA:5,1
DA:6,1
DA:7,1
DA:8,1
DA:9,1
DA:10,1
DA:11,1
DA:12,1
DA:13,1
DA:14,1
DA:15,1
DA:16,1
DA:17,1
DA:18,1
DA:19,1
DA:20,1
LF:20
LH:20
BRF:0
BRH:0
end_of_record
TN:
SF:routes/jobs.js
FNF:0
FNH:0
DA:1,1
DA:2,1
DA:3,1
DA:4,1
DA:5,1
DA:6,1
DA:7,1
DA:8,1
DA:9,1
DA:10,1
DA:11,1
DA:12,1
DA:13,1
DA:14,1
DA:15,1
DA:16,1
DA:17,1
DA:18,1
DA:19,1
DA:20,1
DA:21,1
DA:22,1
DA:23,1
DA:24,1
DA:25,1
LF:25
LH:25
BRF:0
BRH:0
end_of_record
TN:
SF:utils/helpers.js
FN:2,i
FN:2,d
FN:2,d
FN:2,Generator
FN:2,GeneratorFunction
FN:2,GeneratorFunctionPrototype
FN:2,f
FN:2,_regenerator
FN:2,_regeneratorDefine2
FN:2,_regeneratorDefine
FN:2,o
FN:2,asyncGeneratorStep
FN:2,_asyncToGenerator
FN:2,_next
FN:2,_throw
FN:4,_callee
FN:24,getJwtToken
FN:25,_getJwtToken
FN:25,_callee2
FNF:19
FNH:14
FNDA:5,i
FNDA:0,d
FNDA:10,d
FNDA:0,Generator
FNDA:0,GeneratorFunction
FNDA:0,GeneratorFunctionPrototype
FNDA:6,f
FNDA:11,_regenerator
FNDA:3,_regeneratorDefine2
FNDA:35,_regeneratorDefine
FNDA:9,o
FNDA:6,asyncGeneratorStep
FNDA:6,_asyncToGenerator
FNDA:6,_next
FNDA:0,_throw
FNDA:1,_callee
FNDA:4,getJwtToken
FNDA:3,_getJwtToken
FNDA:4,_callee2
DA:1,1
DA:2,0
DA:3,1
DA:4,1
DA:5,1
DA:6,1
DA:7,1
DA:8,1
DA:9,1
DA:10,1
DA:11,1
DA:12,1
DA:13,1
DA:14,1
DA:15,1
DA:16,1
DA:17,1
DA:18,1
DA:19,1
DA:20,1
DA:21,1
DA:22,1
DA:23,1
DA:24,4
DA:25,4
DA:26,4
DA:27,4
DA:28,4
DA:29,3
DA:30,1
DA:31,1
LF:31
LH:30
BRDA:2,0,0,0
BRDA:2,1,0,0
BRDA:2,2,0,0
BRDA:2,3,0,0
BRDA:2,4,0,5
BRDA:2,5,0,0
BRDA:2,6,0,5
BRDA:2,7,0,10
BRDA:2,8,0,0
BRDA:2,9,0,0
BRDA:2,10,0,6
BRDA:2,11,0,0
BRDA:2,12,0,0
BRDA:2,13,0,0
BRDA:2,14,0,5
BRDA:2,15,0,11
BRDA:2,16,0,5
BRDA:2,17,0,0
BRDA:2,18,0,6
BRDA:2,19,0,0
BRDA:2,20,0,5
BRDA:2,21,0,6
BRDA:2,22,0,6
BRDA:2,23,0,0
BRDA:2,24,0,5
BRDA:2,25,0,6
BRDA:2,26,0,0
BRDA:2,27,0,11
BRDA:2,28,0,3
BRDA:2,29,0,0
BRDA:2,30,0,35
BRDA:2,31,0,32
BRDA:2,32,0,0
BRDA:2,33,0,3
BRDA:2,34,0,9
BRDA:2,35,0,6
BRDA:2,36,0,6
BRDA:2,37,0,0
BRDA:2,38,0,5
BRDA:2,39,0,1
BRDA:2,40,0,6
BRDA:2,41,0,5
BRDA:2,42,0,5
BRDA:2,43,0,6
BRDA:4,44,0,3
BRDA:4,45,0,1
BRDA:4,46,0,2
BRDA:4,47,0,1
BRDA:21,48,0,1
BRDA:24,49,0,4
BRDA:25,50,0,3
BRDA:25,51,0,4
BRDA:25,52,0,4
BRF:53
BRH:36
end_of_record
TN:
SF:utils/s3Service.js
FN:2,_regenerator
FN:2,i
FN:2,d
FN:2,d
FN:2,Generator
FN:2,GeneratorFunction
FN:2,GeneratorFunctionPrototype
FN:2,f
FN:2,_regenerator
FN:2,_regeneratorDefine2
FN:2,_regeneratorDefine
FN:2,o
FN:2,asyncGeneratorStep
FN:2,_asyncToGenerator
FN:2,_next
FN:2,_throw
FN:2,_classCallCheck
FN:2,_defineProperties
FN:2,_createClass
FN:2,_toPropertyKey
FN:2,_toPrimitive
FN:5,S3Service
FN:12,_callee
FNF:23
FNH:18
FNDA:4,_regenerator
FNDA:1,i
FNDA:0,d
FNDA:2,d
FNDA:0,Generator
FNDA:0,GeneratorFunction
FNDA:0,GeneratorFunctionPrototype
FNDA:4,f
FNDA:5,_regenerator
FNDA:4,_regeneratorDefine2
FNDA:41,_regeneratorDefine
FNDA:12,o
FNDA:2,asyncGeneratorStep
FNDA:4,_asyncToGenerator
FNDA:2,_next
FNDA:0,_throw
FNDA:1,_classCallCheck
FNDA:4,_defineProperties
FNDA:4,_createClass
FNDA:4,_toPropertyKey
FNDA:4,_toPrimitive
FNDA:1,S3Service
FNDA:1,_callee
DA:1,1
DA:2,1
DA:3,1
DA:4,1
DA:5,4
DA:6,1
DA:7,1
DA:8,1
DA:9,1
DA:10,1
DA:11,4
DA:12,1
DA:13,1
DA:14,1
DA:15,1
DA:16,1
DA:17,1
DA:18,1
DA:19,1
DA:20,1
DA:21,1
DA:22,1
LF:22
LH:22
BRDA:2,0,0,4
BRDA:2,1,0,0
BRDA:2,2,0,0
BRDA:2,3,0,0
BRDA:2,4,0,0
BRDA:2,5,0,1
BRDA:2,6,0,0
BRDA:2,7,0,1
BRDA:2,8,0,2
BRDA:2,9,0,0
BRDA:2,10,0,0
BRDA:2,11,0,2
BRDA:2,12,0,0
BRDA:2,13,0,0
BRDA:2,14,0,0
BRDA:2,15,0,1
BRDA:2,16,0,3
BRDA:2,17,0,1
BRDA:2,18,0,0
BRDA:2,19,0,2
BRDA:2,20,0,0
BRDA:2,21,0,1
BRDA:2,22,0,2
BRDA:2,23,0,2
BRDA:2,24,0,0
BRDA:2,25,0,1
BRDA:2,26,0,4
BRDA:2,27,0,0
BRDA:2,28,0,5
BRDA:2,29,0,4
BRDA:2,30,0,0
BRDA:2,31,0,41
BRDA:2,32,0,37
BRDA:2,33,0,0
BRDA:2,34,0,4
BRDA:2,35,0,12
BRDA:2,36,0,2
BRDA:2,37,0,2
BRDA:2,38,0,0
BRDA:2,39,0,1
BRDA:2,40,0,1
BRDA:2,41,0,4
BRDA:2,42,0,1
BRDA:2,43,0,1
BRDA:2,44,0,2
BRDA:2,45,0,1
BRDA:2,46,0,0
BRDA:2,47,0,4
BRDA:2,48,0,4
BRDA:2,49,0,0
BRDA:2,50,0,4
BRDA:2,51,0,0
BRDA:2,52,0,4
BRDA:2,53,0,0
BRDA:2,54,0,0
BRDA:2,55,0,0
BRDA:4,56,0,4
BRDA:5,57,0,1
BRDA:11,58,0,4
BRDA:12,59,0,1
BRDA:12,60,0,2
BRDA:12,61,0,1
BRDA:18,62,0,1
BRF:63
BRH:40
end_of_record
